# JRE version: 7.0_06-b24
# Java VM: Java HotSpot(TM) 64-Bit Server VM (23.2-b09 mixed mode linux-amd64 compressed oops)
Heap
 PSYoungGen      total 128320K, used 55395K [0x00000000ebd60000, 0x00000000f8ae0000, 0x0000000100000000)
  eden space 114368K, 41% used [0x00000000ebd60000,0x00000000eeba7ea0,0x00000000f2d10000)
  from space 13952K, 57% used [0x00000000f2d10000,0x00000000f34e10b0,0x00000000f3ab0000)
  to   space 13696K, 0% used [0x00000000f7d80000,0x00000000f7d80000,0x00000000f8ae0000)
 ParOldGen       total 41280K, used 18088K [0x00000000c3800000, 0x00000000c6050000, 0x00000000ebd60000)
  object space 41280K, 43% used [0x00000000c3800000,0x00000000c49aa300,0x00000000c6050000)
 PSPermGen       total 23552K, used 23520K [0x00000000be600000, 0x00000000bfd00000, 0x00000000c3800000)
  object space 23552K, 99% used [0x00000000be600000,0x00000000bfcf80a0,0x00000000bfd00000)
GC Heap History (10 events):
Event: 9,178 GC heap before
{Heap before GC invocations=5 (full 0):
 PSYoungGen      total 33536K, used 33504K [0x00000000ebd60000, 0x00000000ee0a0000, 0x0000000100000000)
  eden space 30976K, 100% used [0x00000000ebd60000,0x00000000edba0000,0x00000000edba0000)
  from space 2560K, 98% used [0x00000000ede20000,0x00000000ee098040,0x00000000ee0a0000)
  to   space 2560K, 0% used [0x00000000edba0000,0x00000000edba0000,0x00000000ede20000)
 ParOldGen       total 41280K, used 4325K [0x00000000c3800000, 0x00000000c6050000, 0x00000000ebd60000)
  object space 41280K, 10% used [0x00000000c3800000,0x00000000c3c39718,0x00000000c6050000)
 PSPermGen       total 21248K, used 12667K [0x00000000be600000, 0x00000000bfac0000, 0x00000000c3800000)
  object space 21248K, 59% used [0x00000000be600000,0x00000000bf25ee58,0x00000000bfac0000)
Event: 9,211 GC heap after
Heap after GC invocations=5 (full 0):
 PSYoungGen      total 33536K, used 2560K [0x00000000ebd60000, 0x00000000f0540000, 0x0000000100000000)
  eden space 30976K, 0% used [0x00000000ebd60000,0x00000000ebd60000,0x00000000edba0000)
  from space 2560K, 100% used [0x00000000edba0000,0x00000000ede20000,0x00000000ede20000)
  to   space 5824K, 0% used [0x00000000eff90000,0x00000000eff90000,0x00000000f0540000)
 ParOldGen       total 41280K, used 6595K [0x00000000c3800000, 0x00000000c6050000, 0x00000000ebd60000)
  object space 41280K, 15% used [0x00000000c3800000,0x00000000c3e70e68,0x00000000c6050000)
 PSPermGen       total 21248K, used 12667K [0x00000000be600000, 0x00000000bfac0000, 0x00000000c3800000)
  object space 21248K, 59% used [0x00000000be600000,0x00000000bf25ee58,0x00000000bfac0000)
}
Event: 12,591 GC heap before
{Heap before GC invocations=6 (full 0):
 PSYoungGen      total 33536K, used 33536K [0x00000000ebd60000, 0x00000000f0540000, 0x0000000100000000)
  eden space 30976K, 100% used [0x00000000ebd60000,0x00000000edba0000,0x00000000edba0000)
  from space 2560K, 100% used [0x00000000edba0000,0x00000000ede20000,0x00000000ede20000)
  to   space 5824K, 0% used [0x00000000eff90000,0x00000000eff90000,0x00000000f0540000)
 ParOldGen       total 41280K, used 6595K [0x00000000c3800000, 0x00000000c6050000, 0x00000000ebd60000)
  object space 41280K, 15% used [0x00000000c3800000,0x00000000c3e70e68,0x00000000c6050000)
 PSPermGen       total 21248K, used 16654K [0x00000000be600000, 0x00000000bfac0000, 0x00000000c3800000)
  object space 21248K, 78% used [0x00000000be600000,0x00000000bf643ae8,0x00000000bfac0000)
Event: 12,787 GC heap after
Heap after GC invocations=6 (full 0):
 PSYoungGen      total 64128K, used 5799K [0x00000000ebd60000, 0x00000000f0c60000, 0x0000000100000000)
  eden space 58304K, 0% used [0x00000000ebd60000,0x00000000ebd60000,0x00000000ef650000)
  from space 5824K, 99% used [0x00000000eff90000,0x00000000f0539c58,0x00000000f0540000)
  to   space 9472K, 0% used [0x00000000ef650000,0x00000000ef650000,0x00000000eff90000)
 ParOldGen       total 41280K, used 11633K [0x00000000c3800000, 0x00000000c6050000, 0x00000000ebd60000)
  object space 41280K, 28% used [0x00000000c3800000,0x00000000c435c6d8,0x00000000c6050000)
 PSPermGen       total 21248K, used 16654K [0x00000000be600000, 0x00000000bfac0000, 0x00000000c3800000)
  object space 21248K, 78% used [0x00000000be600000,0x00000000bf643ae8,0x00000000bfac0000)
}
Event: 17,177 GC heap before
{Heap before GC invocations=7 (full 0):
 PSYoungGen      total 64128K, used 64103K [0x00000000ebd60000, 0x00000000f0c60000, 0x0000000100000000)
  eden space 58304K, 100% used [0x00000000ebd60000,0x00000000ef650000,0x00000000ef650000)
  from space 5824K, 99% used [0x00000000eff90000,0x00000000f0539c58,0x00000000f0540000)
  to   space 9472K, 0% used [0x00000000ef650000,0x00000000ef650000,0x00000000eff90000)
 ParOldGen       total 41280K, used 11633K [0x00000000c3800000, 0x00000000c6050000, 0x00000000ebd60000)
  object space 41280K, 28% used [0x00000000c3800000,0x00000000c435c6d8,0x00000000c6050000)
 PSPermGen       total 21248K, used 17853K [0x00000000be600000, 0x00000000bfac0000, 0x00000000c3800000)
  object space 21248K, 84% used [0x00000000be600000,0x00000000bf76f550,0x00000000bfac0000)
Event: 17,308 GC heap after
Heap after GC invocations=7 (full 0):
 PSYoungGen      total 67776K, used 9441K [0x00000000ebd60000, 0x00000000f4620000, 0x0000000100000000)
  eden space 58304K, 0% used [0x00000000ebd60000,0x00000000ebd60000,0x00000000ef650000)
  from space 9472K, 99% used [0x00000000ef650000,0x00000000eff88448,0x00000000eff90000)
  to   space 11712K, 0% used [0x00000000f3ab0000,0x00000000f3ab0000,0x00000000f4620000)
 ParOldGen       total 41280K, used 12881K [0x00000000c3800000, 0x00000000c6050000, 0x00000000ebd60000)
  object space 41280K, 31% used [0x00000000c3800000,0x00000000c4494670,0x00000000c6050000)
 PSPermGen       total 21248K, used 17853K [0x00000000be600000, 0x00000000bfac0000, 0x00000000c3800000)
  object space 21248K, 84% used [0x00000000be600000,0x00000000bf76f550,0x00000000bfac0000)
}
Event: 21,521 GC heap before
{Heap before GC invocations=8 (full 0):
 PSYoungGen      total 67776K, used 67745K [0x00000000ebd60000, 0x00000000f4620000, 0x0000000100000000)
  eden space 58304K, 100% used [0x00000000ebd60000,0x00000000ef650000,0x00000000ef650000)
  from space 9472K, 99% used [0x00000000ef650000,0x00000000eff88448,0x00000000eff90000)
  to   space 11712K, 0% used [0x00000000f3ab0000,0x00000000f3ab0000,0x00000000f4620000)
 ParOldGen       total 41280K, used 12881K [0x00000000c3800000, 0x00000000c6050000, 0x00000000ebd60000)
  object space 41280K, 31% used [0x00000000c3800000,0x00000000c4494670,0x00000000c6050000)
 PSPermGen       total 21248K, used 20045K [0x00000000be600000, 0x00000000bfac0000, 0x00000000c3800000)
  object space 21248K, 94% used [0x00000000be600000,0x00000000bf9935a8,0x00000000bfac0000)
Event: 21,791 GC heap after
Heap after GC invocations=8 (full 0):
 PSYoungGen      total 126080K, used 11691K [0x00000000ebd60000, 0x00000000f4a80000, 0x0000000100000000)
  eden space 114368K, 0% used [0x00000000ebd60000,0x00000000ebd60000,0x00000000f2d10000)
  from space 11712K, 99% used [0x00000000f3ab0000,0x00000000f461aed0,0x00000000f4620000)
  to   space 13952K, 0% used [0x00000000f2d10000,0x00000000f2d10000,0x00000000f3ab0000)
 ParOldGen       total 41280K, used 13782K [0x00000000c3800000, 0x00000000c6050000, 0x00000000ebd60000)
  object space 41280K, 33% used [0x00000000c3800000,0x00000000c4575868,0x00000000c6050000)
 PSPermGen       total 21248K, used 20045K [0x00000000be600000, 0x00000000bfac0000, 0x00000000c3800000)
  object space 21248K, 94% used [0x00000000be600000,0x00000000bf9935a8,0x00000000bfac0000)
}
Event: 25,986 GC heap before
{Heap before GC invocations=9 (full 0):
 PSYoungGen      total 126080K, used 126059K [0x00000000ebd60000, 0x00000000f4a80000, 0x0000000100000000)
  eden space 114368K, 100% used [0x00000000ebd60000,0x00000000f2d10000,0x00000000f2d10000)
  from space 11712K, 99% used [0x00000000f3ab0000,0x00000000f461aed0,0x00000000f4620000)
  to   space 13952K, 0% used [0x00000000f2d10000,0x00000000f2d10000,0x00000000f3ab0000)
 ParOldGen       total 41280K, used 13782K [0x00000000c3800000, 0x00000000c6050000, 0x00000000ebd60000)
  object space 41280K, 33% used [0x00000000c3800000,0x00000000c4575868,0x00000000c6050000)
 PSPermGen       total 21248K, used 20650K [0x00000000be600000, 0x00000000bfac0000, 0x00000000c3800000)
  object space 21248K, 97% used [0x00000000be600000,0x00000000bfa2aad8,0x00000000bfac0000)
Event: 26,047 GC heap after
Heap after GC invocations=9 (full 0):
 PSYoungGen      total 128320K, used 8004K [0x00000000ebd60000, 0x00000000f8ae0000, 0x0000000100000000)
  eden space 114368K, 0% used [0x00000000ebd60000,0x00000000ebd60000,0x00000000f2d10000)
  from space 13952K, 57% used [0x00000000f2d10000,0x00000000f34e10b0,0x00000000f3ab0000)
  to   space 13696K, 0% used [0x00000000f7d80000,0x00000000f7d80000,0x00000000f8ae0000)
 ParOldGen       total 41280K, used 18088K [0x00000000c3800000, 0x00000000c6050000, 0x00000000ebd60000)
  object space 41280K, 43% used [0x00000000c3800000,0x00000000c49aa300,0x00000000c6050000)
 PSPermGen       total 21248K, used 20650K [0x00000000be600000, 0x00000000bfac0000, 0x00000000c3800000)
  object space 21248K, 97% used [0x00000000be600000,0x00000000bfa2aad8,0x00000000bfac0000)
}

